
----------------------------------------------------------------------------
--                            Design Analysis                             --
----------------------------------------------------------------------------
Analyze pcore multiply ...


----------------------------------------------------------------------------
--                            File Generation                             --
----------------------------------------------------------------------------
Creating HDL source directory ...
Generating top peripheral VHDL template ...
Generating stub user logic Verilog template ...
HDL templates successfully generated ...
Creating data directory ...
Generating XPS inteface files ...
WARNING:HDLParsers:3497 - Ignoring Verilog File
   "/homes/ugrad/alanachtenberg/Lab3/pcores/multiply_v1_00_a/data/../hdl/verilog
   /user_logic.v"
Compiling vhdl file
"/softwares/Linux/xilinx/10.1/EDK/hw/XilinxProcessorIPLib/pcores/proc_common_v2_
00_a/hdl/vhdl/proc_common_pkg.vhd" in Library proc_common_v2_00_a.
Package <proc_common_pkg> compiled.
Package body <proc_common_pkg> compiled.
Compiling vhdl file
"/softwares/Linux/xilinx/10.1/EDK/hw/XilinxProcessorIPLib/pcores/proc_common_v2_
00_a/hdl/vhdl/or_muxcy.vhd" in Library proc_common_v2_00_a.
Entity <or_muxcy> compiled.
Entity <or_muxcy> (Architecture <implementation>) compiled.
Compiling vhdl file
"/softwares/Linux/xilinx/10.1/EDK/hw/XilinxProcessorIPLib/pcores/proc_common_v2_
00_a/hdl/vhdl/family_support.vhd" in Library proc_common_v2_00_a.
Package <family_support> compiled.
Package body <family_support> compiled.
Compiling vhdl file
"/softwares/Linux/xilinx/10.1/EDK/hw/XilinxProcessorIPLib/pcores/proc_common_v2_
00_a/hdl/vhdl/counter_f.vhd" in Library proc_common_v2_00_a.
Entity <counter_f> compiled.
Entity <counter_f> (Architecture <imp>) compiled.
Compiling vhdl file
"/softwares/Linux/xilinx/10.1/EDK/hw/XilinxProcessorIPLib/pcores/proc_common_v2_
00_a/hdl/vhdl/pselect_f.vhd" in Library proc_common_v2_00_a.
Entity <pselect_f> compiled.
Entity <pselect_f> (Architecture <imp>) compiled.
Compiling vhdl file
"/softwares/Linux/xilinx/10.1/EDK/hw/XilinxProcessorIPLib/pcores/proc_common_v2_
00_a/hdl/vhdl/or_gate128.vhd" in Library proc_common_v2_00_a.
Entity <or_gate128> compiled.
Entity <or_gate128> (Architecture <imp>) compiled.
Compiling vhdl file
"/softwares/Linux/xilinx/10.1/EDK/hw/XilinxProcessorIPLib/pcores/proc_common_v2_
00_a/hdl/vhdl/ipif_pkg.vhd" in Library proc_common_v2_00_a.
Package <ipif_pkg> compiled.
Package body <ipif_pkg> compiled.
Compiling vhdl file
"/softwares/Linux/xilinx/10.1/EDK/hw/XilinxProcessorIPLib/pcores/plbv46_slave_si
ngle_v1_00_a/hdl/vhdl/plb_address_decoder.vhd" in Library
plbv46_slave_single_v1_00_a.
Entity <plb_address_decoder> compiled.
Entity <plb_address_decoder> (Architecture <IMP>) compiled.
Compiling vhdl file
"/softwares/Linux/xilinx/10.1/EDK/hw/XilinxProcessorIPLib/pcores/plbv46_slave_si
ngle_v1_00_a/hdl/vhdl/plb_slave_attachment.vhd" in Library
plbv46_slave_single_v1_00_a.
Entity <plb_slave_attachment> compiled.
Entity <plb_slave_attachment> (Architecture <implementation>) compiled.
Compiling vhdl file
"/softwares/Linux/xilinx/10.1/EDK/hw/XilinxProcessorIPLib/pcores/plbv46_slave_si
ngle_v1_00_a/hdl/vhdl/plbv46_slave_single.vhd" in Library
plbv46_slave_single_v1_00_a.
Entity <plbv46_slave_single> compiled.
Entity <plbv46_slave_single> (Architecture <implementation>) compiled.
Compiling vhdl file
"/homes/ugrad/alanachtenberg/Lab3/pcores/multiply_v1_00_a/data/../hdl/vhdl/multi
ply.vhd" in Library multiply_v1_00_a.
Entity <multiply> compiled.
Entity <multiply> (Architecture <IMP>) compiled.


Analyzing HDL attributes ...
INFO:MDT - IPTYPE set to value : PERIPHERAL
INFO:MDT - IMP_NETLIST set to value : TRUE
INFO:MDT - HDL set to value : VHDL
XPS interface files successfully generated ...
Creating development directory ...
Generating command option file ...
Generating readme file ...
Development misc files successfully generated ...
Creating projnav directory ...
Generating ProjNav support files ...
ProjNav support files successfully generated ...
Creating synthesis directory ...
Generating XST synthesis support files ...
XST synthesis support files successfully generated ...
No BFM simulation files will be generated at this time ...
Creating software driver data directory ...
Generating software driver XPS interface (mdd/tcl) files ...
Software driver data definition file (.mdd) successfully generated ...
Software driver data generation file (.tcl) successfully generated ...
Creating software driver src directory ...
Generating software driver template files ...
Software driver compile file (Makefile) successfully generated ...
output user slave register(s) offset to software driver header ...
Software driver header file (.h) successfully generated ...
Software driver source file (.c) successfully generated ...
Software driver SelfTest file (.c) successfully generated ...
Software driver template files successfully generated ...

----------------------------------------------------------------------------
--                              Final Report                              --
----------------------------------------------------------------------------
Thank you for using Create and Import Peripheral Wizard! Please find your
peripheral hardware templates under
/homes/ugrad/alanachtenberg/Lab3/pcores/multiply_v1_00_a and peripheral software
templates under /homes/ugrad/alanachtenberg/Lab3/drivers/multiply_v1_00_a
respectively.

Peripheral Summary:

  top name       : multiply
  version        : 1.00.a
  type           : PLB (v4.6) slave
  features       : slave attachment
                   user s/w registers

Address Block Summary:

  user logic slv : C_BASEADDR + 0x00000000
                 : C_BASEADDR + 0x000000FF

File Summary

  - HDL source -
  /homes/ugrad/alanachtenberg/Lab3/pcores/multiply_v1_00_a/hdl
  top entity     : vhdl/multiply.vhd
  user logic     : verilog/user_logic.v

  - XPS interface -
  /homes/ugrad/alanachtenberg/Lab3/pcores/multiply_v1_00_a/data
  mpd            : multiply_v2_1_0.mpd
  pao            : multiply_v2_1_0.pao

  - ISE project -
  /homes/ugrad/alanachtenberg/Lab3/pcores/multiply_v1_00_a/devl/projnav
  ise project    : multiply.ise
  cli command    : multiply.cli


  - XST synthesis -
  /homes/ugrad/alanachtenberg/Lab3/pcores/multiply_v1_00_a/devl/synthesis
  xst script     : multiply_xst.scr
  xst project    : multiply_xst.prj

  - Misc file -
  /homes/ugrad/alanachtenberg/Lab3/pcores/multiply_v1_00_a/devl
  help           : README.txt
  option         : ipwiz.opt
  log            : ipwiz.log

  - Driver source -
  /homes/ugrad/alanachtenberg/Lab3/drivers/multiply_v1_00_a/src
  makefile       : Makefile
  header         : multiply.h
  source         : multiply.c
  selftest       : multiply_selftest.c

  - Driver interface -
  /homes/ugrad/alanachtenberg/Lab3/drivers/multiply_v1_00_a/data
  mdd            : multiply_v2_1_0.mdd
  tcl            : multiply_v2_1_0.tcl


