iMPACT Version: Jul 24 2008 23:37:45

iMPACT log file Started on Thu Oct  2 21:23:37 2014

Preference Table
Name                 Setting             
StartupClock         Auto_Correction     
AutoSignature        False               
KeepSVF              False               
ConcurrentMode       False               
UseHighz             False               
ConfigOnFailure      Stop                
UserLevel            Novice              
MessageLevel         Detailed            
svfUseTime           false               
SpiByteSwap          Auto_Correction     
AutoDetecting cable. Please wait.
Reusing 78030001 key.
Reusing FC030001 key.
Connecting to cable (Parallel Port - parport0).
 Linux release = 2.6.18-348.el5.
WARNING:iMPACT -  Module windrvr6 is not loaded. Please reinstall the cable   drivers. See Answer Record 22648.
Cable connection failed.
Reusing 79030001 key.
Reusing FD030001 key.
Connecting to cable (Parallel Port - parport1).
 Linux release = 2.6.18-348.el5.
WARNING:iMPACT -  Module windrvr6 is not loaded. Please reinstall the cable   drivers. See Answer Record 22648.
Cable connection failed.
Reusing 7A030001 key.
Reusing FE030001 key.
Connecting to cable (Parallel Port - parport2).
 Linux release = 2.6.18-348.el5.
WARNING:iMPACT -  Module windrvr6 is not loaded. Please reinstall the cable   drivers. See Answer Record 22648.
Cable connection failed.
Reusing 7B030001 key.
Reusing FF030001 key.
Connecting to cable (Parallel Port - parport3).
 Linux release = 2.6.18-348.el5.
WARNING:iMPACT -  Module windrvr6 is not loaded. Please reinstall the cable   drivers. See Answer Record 22648.
Cable connection failed.
Reusing A0030001 key.
Reusing 24030001 key.
 Using libusb.
Connecting to cable (Usb Port - USB21).
Checking cable driver.
File version of /softwares/Linux/xilinx/10.1/ISE/bin/lin64/xusbdfwu.hex = 1030.
File version of /usr/share/xusbdfwu.hex = 1030.
 Using libusb.
 Max current requested during enumeration is 74 mA.
Type = 0x0004.
 Cable Type = 3, Revision = 0.
 Setting cable speed to 6 MHz.
Cable connection established.
Firmware version = 1303.
File version of /softwares/Linux/xilinx/10.1/ISE/data/xusb_xlp.hex = 1303.
Firmware hex file version = 1303.
PLD file version = 0012h.
 PLD version = 0012h.
Identifying chain contents ....'1': : Manufacturer's ID =Xilinx xc5vlx110t, Version : 10
INFO:iMPACT:1777 - 
   Reading /softwares/Linux/xilinx/10.1/ISE/virtex5/data/xc5vlx110t.bsd...
INFO:iMPACT:501 - '1': Added Device xc5vlx110t successfully.
----------------------------------------------------------------------
----------------------------------------------------------------------
'2': : Manufacturer's ID =Xilinx xccace, Version : 0
INFO:iMPACT:1777 - 
   Reading /softwares/Linux/xilinx/10.1/ISE/acecf/data/xccace.bsd...
INFO:iMPACT:501 - '1': Added Device xccace successfully.
----------------------------------------------------------------------
----------------------------------------------------------------------
'3': : Manufacturer's ID =Xilinx xc95144xl, Version : 5
INFO:iMPACT:1777 - 
   Reading /softwares/Linux/xilinx/10.1/ISE/xc9500xl/data/xc95144xl.bsd...
INFO:iMPACT:501 - '1': Added Device xc95144xl successfully.
----------------------------------------------------------------------
----------------------------------------------------------------------
'4': : Manufacturer's ID =Xilinx xcf32p, Version : 15
INFO:iMPACT:1777 - 
   Reading /softwares/Linux/xilinx/10.1/ISE/xcfp/data/xcf32p.bsd...
INFO:iMPACT:501 - '1': Added Device xcf32p successfully.
----------------------------------------------------------------------
----------------------------------------------------------------------
'5': : Manufacturer's ID =Xilinx xcf32p, Version : 15
INFO:iMPACT:501 - '1': Added Device xcf32p successfully.
----------------------------------------------------------------------
----------------------------------------------------------------------
done.
Elapsed time =      0 sec.
Elapsed time =      0 sec.
'5': Loading file 'implementation/download.bit' ...
done.
----------------------------------------------------------------------
INFO:iMPACT:501 - '5': Added Device xc5vlx110t successfully.
----------------------------------------------------------------------
----------------------------------------------------------------------
Maximum TCK operating frequency for this device chain: 10000000.
Validating chain...
Boundary-scan chain validated successfully.
5: Device Temperature: Current Reading:   47.91 C, Min. Reading:   46.93 C, Max.Reading:   47.91 C
5: VCCINT Supply: Current Reading:   0.996 V, Min. Reading:   0.993 V, Max.Reading:   0.999 V
5: VCCAUX Supply: Current Reading:   2.487 V, Min. Reading:   2.487 V, Max.Reading:   2.490 V
'5': Programming device...
 Match_cycle = NoWait.
Match cycle: NoWait
done.
'5': Reading status register contents...
CRC error                                         :         0
Decryptor security set                            :         0
DCM locked                                        :         1
DCI matched                                       :         1
End of startup signal from Startup block          :         1
status of GTS_CFG_B                               :         1
status of GWE                                     :         1
status of GHIGH                                   :         1
value of MODE pin M0                              :         1
value of MODE pin M1                              :         0
Value of MODE pin M2                              :         1
Internal signal indicates when housecleaning is completed:         1
Value driver in from INIT pad                     :         1
Internal signal indicates that chip is configured :         1
Value of DONE pin                                 :         1
Indicates when ID value written does not match chip ID:         0
Decryptor error Signal                            :         0
System Monitor Over-Temperature Alarm             :         0
startup_state[18] CFG startup state machine       :         0
startup_state[19] CFG startup state machine       :         0
startup_state[20] CFG startup state machine       :         1
E-fuse program voltage available                  :         0
SPI Flash Type[22] Select                         :         1
SPI Flash Type[23] Select                         :         1
SPI Flash Type[24] Select                         :         1
CFG bus width auto detection result               :         0
CFG bus width auto detection result               :         0
Reserved                                          :         0
BPI address wrap around error                     :         0
IPROG pulsed                                      :         0
read back crc error                               :         0
Indicates that efuse logic is busy                :         0
INFO:iMPACT:2219 - Status register values:
INFO:iMPACT - 0011 1111 1011 1110 0000 1011 1000 0000 
INFO:iMPACT:579 - '5': Completed downloading bit file to device.
 Match_cycle = NoWait.
Match cycle: NoWait
INFO:iMPACT - '5': Checking done pin....done.
'5': Programmed successfully.
Elapsed time =      9 sec.
----------------------------------------------------------------------
----------------------------------------------------------------------
----------------------------------------------------------------------
----------------------------------------------------------------------
----------------------------------------------------------------------
----------------------------------------------------------------------
----------------------------------------------------------------------
----------------------------------------------------------------------
