
bitinit version Xilinx EDK 10.1.03 Build EDK_K_SP3.6
Copyright (c) Xilinx Inc. 2002.

Parsing MHS File system.mhs...

Overriding IP level properties ...
INFO:MDT - IPNAME:microblaze_0 INSTANCE:microblaze -
   /softwares/Linux/xilinx/10.1/EDK/hw/XilinxProcessorIPLib/pcores/microblaze_v7
   _10_d/data/microblaze_v2_1_0.mpd line 164 - tcl is overriding PARAMETER
   C_ADDR_TAG_BITS value to 0
INFO:MDT - IPNAME:microblaze_0 INSTANCE:microblaze -
   /softwares/Linux/xilinx/10.1/EDK/hw/XilinxProcessorIPLib/pcores/microblaze_v7
   _10_d/data/microblaze_v2_1_0.mpd line 173 - tcl is overriding PARAMETER
   C_DCACHE_ADDR_TAG value to 0

Performing IP level DRCs on properties...

Running DRC Tcl procedures for OPTION IPLEVEL_DRC_PROC...
Address Map for Processor microblaze_0
  (0000000000-0x0001ffff) dlmb_cntlr	dlmb
  (0000000000-0x0001ffff) ilmb_cntlr	ilmb
  (0x81400000-0x8140ffff) LEDs	mb_plb
  (0x81420000-0x8142ffff) INPUTS	mb_plb
  (0x84000000-0x8400ffff) RS232_Uart_1	mb_plb
  (0x84400000-0x8440ffff) debug_module	mb_plb
  (0xc0a00000-0xc0a0ffff) multiply_0	mb_plb

Initializing Memory...
Checking ELFs associated with MICROBLAZE instance microblaze_0 for overlap...


Analyzing file lab3/executable.elf...
Running Data2Mem with the following command:
data2mem -bm implementation/system_bd -bt implementation/system.bit  -bd
lab3/executable.elf tag microblaze_0  -o b implementation/download.bit 
Memory Initialization completed successfully.

